/*C2*/SET SCHEMA PUBLIC
DELETE FROM "mendixsystem$version" WHERE "versionnumber"='4.2'
INSERT INTO "mendixsystem$version" VALUES('4.2','2020-02-13 10:33:11.440000','3.0.0','unversioned','FiftyOneDegrees')
COMMIT
/*C3*/SET SCHEMA PUBLIC
DELETE FROM "mendixsystem$entityidentifier" WHERE "id"='d4154981-8dac-4150-aec5-efa3ef62a7a2'
INSERT INTO "mendixsystem$entityidentifier" VALUES('d4154981-8dac-4150-aec5-efa3ef62a7a2',3,1001)
COMMIT
INSERT INTO "system$xasinstance" VALUES(844424930132869,'5a62694b-e001-4214-a07d-eebdebc205ab','2020-02-13 11:15:48.524000','2020-02-13 11:15:48.530000',NULL,NULL,NULL)
COMMIT
DELETE FROM "system$userrole" WHERE "id"=3096224743817217
INSERT INTO "system$userrole" VALUES(3096224743817217,'8dd52bfa-6d7e-453b-b506-303c0a3d9567','','Administrator')
DELETE FROM "system$userrole" WHERE "id"=3096224743817218
INSERT INTO "system$userrole" VALUES(3096224743817218,'53f5d6fa-6da9-4a71-b011-454ec052cce8','','User')
COMMIT
/*C4*/SET SCHEMA PUBLIC
DELETE FROM "system$user" WHERE "id"=3659174697238529
INSERT INTO "system$user" VALUES(3659174697238529,'2020-02-13 10:46:37.254000',TRUE,'2020-02-13 10:46:37.254000',NULL,FALSE,FALSE,0,FALSE,'demo_administrator','{BCrypt}$2a$10$k9mfvo4MA7UlfOosf.IpWOh4H197MmBw4i9j8hrFCGk6yHev0RTnG','Administration.Account',NULL,3659174697238529)
COMMIT
/*C2*/DELETE FROM "system$user" WHERE "id"=3659174697238530
INSERT INTO "system$user" VALUES(3659174697238530,'2020-02-13 10:46:37.462000',TRUE,'2020-02-13 10:46:37.461000',NULL,FALSE,FALSE,0,FALSE,'demo_user','{BCrypt}$2a$10$upfhWyunUcdG8magV3rWl.65uLpLhnAvuakWGdintBvhIJuHe/982','Administration.Account',NULL,3659174697238530)
COMMIT
DELETE FROM "mendixsystem$properties" WHERE "key"='Mendix.Runtime.DeploymentID'
INSERT INTO "mendixsystem$properties" VALUES('Mendix.Runtime.DeploymentID','637171893346818882')
COMMIT
/*C4*/DELETE FROM "system$session" WHERE "id"=6192449487635233
DELETE FROM "system$session_user" WHERE "system$sessionid"=6192449487635233 AND "system$userid"=562949953422013
COMMIT
DELETE FROM "system$user" WHERE "id"=562949953422013
INSERT INTO "system$user" VALUES(562949953422013,'2020-02-13 10:46:38.073000',TRUE,'2020-02-13 10:46:38.073000','2020-02-13 11:09:50.618000',FALSE,FALSE,0,FALSE,'MxAdmin','{BCrypt}$2a$10$4B9ZXKYpn9udrSz17uwi4ODd/m5O9PWFcLQXG3WbpJwfwHmUTG4bW','System.User',NULL,562949953422013)
COMMIT
DELETE FROM "system$xasinstance" WHERE "id"=844424930132869
INSERT INTO "system$xasinstance" VALUES(844424930132869,'5a62694b-e001-4214-a07d-eebdebc205ab','2020-02-13 11:15:48.524000','2020-02-13 11:15:50.399000',NULL,NULL,NULL)
COMMIT
DELETE FROM "system$xasinstance" WHERE "id"=844424930132869
INSERT INTO "system$xasinstance" VALUES(844424930132869,'5a62694b-e001-4214-a07d-eebdebc205ab','2020-02-13 11:15:48.524000','2020-02-13 11:20:50.416000',NULL,NULL,NULL)
COMMIT
/*C2*/DISCONNECT
/*C4*/DELETE FROM "system$xasinstance" WHERE "id"=844424930132869
INSERT INTO "system$xasinstance" VALUES(844424930132869,'5a62694b-e001-4214-a07d-eebdebc205ab','2020-02-13 11:15:48.524000','2020-02-13 11:25:50.429000',NULL,NULL,NULL)
COMMIT
DELETE FROM "system$xasinstance" WHERE "id"=844424930132869
INSERT INTO "system$xasinstance" VALUES(844424930132869,'5a62694b-e001-4214-a07d-eebdebc205ab','2020-02-13 11:15:48.524000','2020-02-13 11:30:50.442000',NULL,NULL,NULL)
COMMIT
/*C3*/DISCONNECT
/*C4*/DELETE FROM "system$xasinstance" WHERE "id"=844424930132869
INSERT INTO "system$xasinstance" VALUES(844424930132869,'5a62694b-e001-4214-a07d-eebdebc205ab','2020-02-13 11:15:48.524000','2020-02-13 11:35:50.454000',NULL,NULL,NULL)
COMMIT
DELETE FROM "system$xasinstance" WHERE "id"=844424930132869
INSERT INTO "system$xasinstance" VALUES(844424930132869,'5a62694b-e001-4214-a07d-eebdebc205ab','2020-02-13 11:15:48.524000','2020-02-13 11:40:50.468000',NULL,NULL,NULL)
COMMIT
